{
  "stats": {
    "suites": 8,
    "tests": 18,
    "passes": 18,
    "pending": 0,
    "failures": 0,
    "start": "2020-07-20T14:09:22.980Z",
    "end": "2020-07-20T14:09:23.458Z",
    "duration": 478,
    "testsRegistered": 18,
    "passPercent": 100,
    "pendingPercent": 0,
    "other": 0,
    "hasOther": false,
    "skipped": 0,
    "hasSkipped": false,
    "passPercentClass": "success",
    "pendingPercentClass": "danger"
  },
  "suites": {
    "uuid": "265e7b52-7331-4f12-afa8-9bfa1f6655ed",
    "title": "",
    "fullFile": "",
    "file": "",
    "beforeHooks": [],
    "afterHooks": [],
    "tests": [],
    "suites": [
      {
        "uuid": "d6408d24-c8e4-4a1c-ae4b-a8645e1b70cf",
        "title": "> controllers",
        "fullFile": "/home/travis/build/ccxt-rest/ccxt-rest/test/api/controllers/exchange.js",
        "file": "/test/api/controllers/exchange.js",
        "beforeHooks": [
          {
            "title": "\"before all\" hook",
            "fullTitle": "> controllers \"before all\" hook",
            "timedOut": false,
            "duration": 294,
            "pass": false,
            "fail": false,
            "pending": false,
            "code": "if (fs.existsSync('./out/database.sqlite3')) {\n  fs.unlinkSync('./out/database.sqlite3')\n}\nreturn new Promise((resolve) => {\n  ccxtServer.start(_server => {\n    server = _server\n    resolve();\n  })  \n})",
            "err": {},
            "isRoot": false,
            "uuid": "9ee71e1f-9721-4cc4-84fb-f8c66df4933f",
            "isHook": true,
            "skipped": false
          }
        ],
        "afterHooks": [
          {
            "title": "\"after all\" hook",
            "fullTitle": "> controllers \"after all\" hook",
            "timedOut": false,
            "duration": 0,
            "pass": false,
            "fail": false,
            "pending": false,
            "code": "if (server) {\n  server.close()\n}\nif (fs.existsSync('./out/database.sqlite3')) {\n  fs.unlinkSync('./out/database.sqlite3')\n}",
            "err": {},
            "isRoot": false,
            "uuid": "bc4941bd-5cd9-4237-824b-3bd2ac021b2d",
            "isHook": true,
            "skipped": false
          }
        ],
        "tests": [],
        "suites": [
          {
            "uuid": "7bfc05ee-2d92-46b8-a3fb-75045f6e641e",
            "title": "> exchanges",
            "fullFile": "/home/travis/build/ccxt-rest/ccxt-rest/test/api/controllers/exchange.js",
            "file": "/test/api/controllers/exchange.js",
            "beforeHooks": [],
            "afterHooks": [],
            "tests": [],
            "suites": [
              {
                "uuid": "bb74465d-06c1-4529-b81d-235729a63e1f",
                "title": "> GET /exchanges",
                "fullFile": "/home/travis/build/ccxt-rest/ccxt-rest/test/api/controllers/exchange.js",
                "file": "/test/api/controllers/exchange.js",
                "beforeHooks": [],
                "afterHooks": [],
                "tests": [
                  {
                    "title": "> should return list of exchanges",
                    "fullTitle": "> controllers > exchanges > GET /exchanges > should return list of exchanges",
                    "timedOut": false,
                    "duration": 31,
                    "state": "passed",
                    "speed": "fast",
                    "pass": true,
                    "fail": false,
                    "pending": false,
                    "code": "request(server)\n          .get('/exchanges')\n          .expect('Content-Type', /json/)\n          .expect(200)\n          .end(function(err, res) {\n            should.not.exist(err);\n            res.body.should.eql(exchangeConfig.exchanges.map(i => '' + i));\n            done();\n          });",
                    "err": {},
                    "isRoot": false,
                    "uuid": "83f2d3ec-71ab-4149-98cd-095508637341",
                    "isHook": false,
                    "skipped": false
                  }
                ],
                "suites": [],
                "passes": [
                  "83f2d3ec-71ab-4149-98cd-095508637341"
                ],
                "failures": [],
                "pending": [],
                "skipped": [],
                "duration": 31,
                "root": false,
                "rootEmpty": false,
                "_timeout": 2000
              }
            ],
            "passes": [],
            "failures": [],
            "pending": [],
            "skipped": [],
            "duration": 0,
            "root": false,
            "rootEmpty": false,
            "_timeout": 2000
          },
          {
            "uuid": "c23868e2-4ba2-4ded-a985-9b165b2a9ebe",
            "title": "> exchange",
            "fullFile": "/home/travis/build/ccxt-rest/ccxt-rest/test/api/controllers/exchange.js",
            "file": "/test/api/controllers/exchange.js",
            "beforeHooks": [],
            "afterHooks": [],
            "tests": [],
            "suites": [
              {
                "uuid": "f62dabb9-a4fd-4cac-8bbb-f9f5c5067918",
                "title": "> Given unsupported exchange name",
                "fullFile": "/home/travis/build/ccxt-rest/ccxt-rest/test/api/controllers/exchange.js",
                "file": "/test/api/controllers/exchange.js",
                "beforeHooks": [],
                "afterHooks": [],
                "tests": [],
                "suites": [
                  {
                    "uuid": "363d5aa8-effb-4377-9825-46b9cd965709",
                    "title": "> [Unsupported Exchange name] Exchange Management API",
                    "fullFile": "/home/travis/build/ccxt-rest/ccxt-rest/test/api/controllers/exchange.js",
                    "file": "/test/api/controllers/exchange.js",
                    "beforeHooks": [],
                    "afterHooks": [],
                    "tests": [
                      {
                        "title": "> GET:/exchange/nonExistentExchangeName then return 404",
                        "fullTitle": "> controllers > exchange > Given unsupported exchange name > [Unsupported Exchange name] Exchange Management API > GET:/exchange/nonExistentExchangeName then return 404",
                        "timedOut": false,
                        "duration": 13,
                        "state": "passed",
                        "speed": "fast",
                        "pass": true,
                        "fail": false,
                        "pending": false,
                        "code": "request(server)\n  .get('/exchange/nonExistentExchangeName')\n  .expect(404)\n  .end((err, res) => {\n    should.not.exist(err);\n    done();\n  })",
                        "err": {},
                        "isRoot": false,
                        "uuid": "6a8df6ba-2603-4753-a661-2e10ccf605bc",
                        "isHook": false,
                        "skipped": false
                      },
                      {
                        "title": "> POST:/exchange/nonExistentExchangeName then return 404",
                        "fullTitle": "> controllers > exchange > Given unsupported exchange name > [Unsupported Exchange name] Exchange Management API > POST:/exchange/nonExistentExchangeName then return 404",
                        "timedOut": false,
                        "duration": 20,
                        "state": "passed",
                        "speed": "fast",
                        "pass": true,
                        "fail": false,
                        "pending": false,
                        "code": "request(server)\n  .post('/exchange/nonExistentExchangeName')\n  .send({id:'nonExistentExchangeName1'})\n  .set('Accept', 'application/json')\n  .expect(404)\n  .end((err, res) => {\n    should.not.exist(err);\n    done();\n  })",
                        "err": {},
                        "isRoot": false,
                        "uuid": "9a3b5012-31d2-4f64-9af8-97d00a366609",
                        "isHook": false,
                        "skipped": false
                      }
                    ],
                    "suites": [],
                    "passes": [
                      "6a8df6ba-2603-4753-a661-2e10ccf605bc",
                      "9a3b5012-31d2-4f64-9af8-97d00a366609"
                    ],
                    "failures": [],
                    "pending": [],
                    "skipped": [],
                    "duration": 33,
                    "root": false,
                    "rootEmpty": false,
                    "_timeout": 2000
                  },
                  {
                    "uuid": "1dc6ad26-a03c-40fe-bc26-3cd7ad6af3af",
                    "title": "> [Unsupported Exchange Name] Public Data API",
                    "fullFile": "/home/travis/build/ccxt-rest/ccxt-rest/test/api/controllers/exchange.js",
                    "file": "/test/api/controllers/exchange.js",
                    "beforeHooks": [],
                    "afterHooks": [],
                    "tests": [
                      {
                        "title": "> GET:/exchange/nonExistentExchangeName/markets then return 404",
                        "fullTitle": "> controllers > exchange > Given unsupported exchange name > [Unsupported Exchange Name] Public Data API > GET:/exchange/nonExistentExchangeName/markets then return 404",
                        "timedOut": false,
                        "duration": 6,
                        "state": "passed",
                        "speed": "fast",
                        "pass": true,
                        "fail": false,
                        "pending": false,
                        "code": "request(server)\n              .get('/exchange/nonExistentExchangeName/markets')\n              .expect('Content-Type', /json/)\n              .expect(404)\n              .end((err, res) => {\n                should.not.exist(err);\n                done();\n              })",
                        "err": {},
                        "isRoot": false,
                        "uuid": "f6d2f718-b345-421c-83ea-faf44d87ae93",
                        "isHook": false,
                        "skipped": false
                      },
                      {
                        "title": "> GET:/exchange/nonExistentExchangeName/orderBook then return 404",
                        "fullTitle": "> controllers > exchange > Given unsupported exchange name > [Unsupported Exchange Name] Public Data API > GET:/exchange/nonExistentExchangeName/orderBook then return 404",
                        "timedOut": false,
                        "duration": 8,
                        "state": "passed",
                        "speed": "fast",
                        "pass": true,
                        "fail": false,
                        "pending": false,
                        "code": "this.timeout(TIMEOUT_MS);\nrequest(server)\n    .get('/exchange/nonExistentExchangeName/orderBook')\n    .query({ symbol: 'BTC/ETH' })\n    .set('Accept', 'application/json')\n    .expect('Content-Type', /json/)\n    .expect(404)\n    .end((err, res) => {\n      should.not.exist(err);\n      done();\n    })",
                        "err": {},
                        "isRoot": false,
                        "uuid": "cc032e83-e90c-4510-9001-be1ced8a8334",
                        "isHook": false,
                        "skipped": false
                      },
                      {
                        "title": "> GET:/exchange/nonExistentExchangeName/l2OrderBook then return 404",
                        "fullTitle": "> controllers > exchange > Given unsupported exchange name > [Unsupported Exchange Name] Public Data API > GET:/exchange/nonExistentExchangeName/l2OrderBook then return 404",
                        "timedOut": false,
                        "duration": 5,
                        "state": "passed",
                        "speed": "fast",
                        "pass": true,
                        "fail": false,
                        "pending": false,
                        "code": "this.timeout(TIMEOUT_MS);\nrequest(server)\n    .get('/exchange/nonExistentExchangeName/l2OrderBook')\n    .query({ symbol: 'BTC/ETH' })\n    .expect('Content-Type', /json/)\n    .expect(404)\n    .end((err, res) => {\n      should.not.exist(err);\n      done();\n    })",
                        "err": {},
                        "isRoot": false,
                        "uuid": "da7c7ba7-b76c-4605-8a8f-b964ce5e1b11",
                        "isHook": false,
                        "skipped": false
                      },
                      {
                        "title": "> GET:/exchange/nonExistentExchangeName/trades then return 404",
                        "fullTitle": "> controllers > exchange > Given unsupported exchange name > [Unsupported Exchange Name] Public Data API > GET:/exchange/nonExistentExchangeName/trades then return 404",
                        "timedOut": false,
                        "duration": 5,
                        "state": "passed",
                        "speed": "fast",
                        "pass": true,
                        "fail": false,
                        "pending": false,
                        "code": "this.timeout(TIMEOUT_MS)\nrequest(server)\n    .get('/exchange/nonExistentExchangeName/trades')\n    .query({ symbol: 'BTC/ETH' })\n    .expect('Content-Type', /json/)\n    .expect(404)\n    .end((err, res) => {\n      should.not.exist(err);\n      done();\n    })",
                        "err": {},
                        "isRoot": false,
                        "uuid": "ff5fa17e-3b63-4f39-96a3-454af89e9ad1",
                        "isHook": false,
                        "skipped": false
                      },
                      {
                        "title": "> GET:/exchange/nonExistentExchangeName/ticker then return 404",
                        "fullTitle": "> controllers > exchange > Given unsupported exchange name > [Unsupported Exchange Name] Public Data API > GET:/exchange/nonExistentExchangeName/ticker then return 404",
                        "timedOut": false,
                        "duration": 6,
                        "state": "passed",
                        "speed": "fast",
                        "pass": true,
                        "fail": false,
                        "pending": false,
                        "code": "this.timeout(TIMEOUT_MS)\nrequest(server)\n    .get('/exchange/nonExistentExchangeName/ticker')\n    .query({ symbol: 'BTC/ETH' })\n    .expect('Content-Type', /json/)\n    .expect(404)\n    .end((err, res) => {\n      should.not.exist(err);\n      done();\n    })",
                        "err": {},
                        "isRoot": false,
                        "uuid": "ea208ddb-076c-4a17-acfe-4fd352b4d291",
                        "isHook": false,
                        "skipped": false
                      },
                      {
                        "title": "> GET:/exchange/nonExistentExchangeName/tickers then return 404",
                        "fullTitle": "> controllers > exchange > Given unsupported exchange name > [Unsupported Exchange Name] Public Data API > GET:/exchange/nonExistentExchangeName/tickers then return 404",
                        "timedOut": false,
                        "duration": 5,
                        "state": "passed",
                        "speed": "fast",
                        "pass": true,
                        "fail": false,
                        "pending": false,
                        "code": "this.timeout(TIMEOUT_MS)\nrequest(server)\n    .get('/exchange/nonExistentExchangeName/tickers')\n    .expect('Content-Type', /json/)\n    .expect(404)\n    .end((err, res) => {\n      should.not.exist(err);\n      done();\n    })",
                        "err": {},
                        "isRoot": false,
                        "uuid": "61d09764-a652-4a65-a52f-eb4cbe940d62",
                        "isHook": false,
                        "skipped": false
                      },
                      {
                        "title": "> POST:/exchange/nonExistentExchangeName/_/loadMarkets then return 404",
                        "fullTitle": "> controllers > exchange > Given unsupported exchange name > [Unsupported Exchange Name] Public Data API > POST:/exchange/nonExistentExchangeName/_/loadMarkets then return 404",
                        "timedOut": false,
                        "duration": 6,
                        "state": "passed",
                        "speed": "fast",
                        "pass": true,
                        "fail": false,
                        "pending": false,
                        "code": "this.timeout(TIMEOUT_MS)\nrequest(server)\n    .post('/exchange/nonExistentExchangeName/_/loadMarkets')\n    .type('text')\n    .send(JSON.stringify([true]))\n    .set('Accept', 'application/json')\n    .expect(404)\n    .end((err, res) => {\n      should.not.exist(err);\n      done();\n    })",
                        "err": {},
                        "isRoot": false,
                        "uuid": "be16cc92-19b1-4c79-9aa2-13cc3a183232",
                        "isHook": false,
                        "skipped": false
                      }
                    ],
                    "suites": [],
                    "passes": [
                      "f6d2f718-b345-421c-83ea-faf44d87ae93",
                      "cc032e83-e90c-4510-9001-be1ced8a8334",
                      "da7c7ba7-b76c-4605-8a8f-b964ce5e1b11",
                      "ff5fa17e-3b63-4f39-96a3-454af89e9ad1",
                      "ea208ddb-076c-4a17-acfe-4fd352b4d291",
                      "61d09764-a652-4a65-a52f-eb4cbe940d62",
                      "be16cc92-19b1-4c79-9aa2-13cc3a183232"
                    ],
                    "failures": [],
                    "pending": [],
                    "skipped": [],
                    "duration": 41,
                    "root": false,
                    "rootEmpty": false,
                    "_timeout": 2000
                  },
                  {
                    "uuid": "60224c30-3ab6-43ad-80f0-a31c364189d2",
                    "title": "> [Unsupported Exchange Name] Private Data APIs",
                    "fullFile": "/home/travis/build/ccxt-rest/ccxt-rest/test/api/controllers/exchange.js",
                    "file": "/test/api/controllers/exchange.js",
                    "beforeHooks": [],
                    "afterHooks": [],
                    "tests": [
                      {
                        "title": "> GET:/exchange/nonExistentExchangeName/balances then return 404",
                        "fullTitle": "> controllers > exchange > Given unsupported exchange name > [Unsupported Exchange Name] Private Data APIs > GET:/exchange/nonExistentExchangeName/balances then return 404",
                        "timedOut": false,
                        "duration": 5,
                        "state": "passed",
                        "speed": "fast",
                        "pass": true,
                        "fail": false,
                        "pending": false,
                        "code": "this.timeout(TIMEOUT_MS)\nrequest(server)\n    .get('/exchange/nonExistentExchangeName/balances')\n    .expect('Content-Type', /json/)\n    .expect(404)\n    .end((err, res) => {\n      should.not.exist(err);\n      done();\n    })",
                        "err": {},
                        "isRoot": false,
                        "uuid": "10736520-231a-4d2b-aa57-c65250100df8",
                        "isHook": false,
                        "skipped": false
                      },
                      {
                        "title": "> [Unsupported Exchange Name] Place order then return 404",
                        "fullTitle": "> controllers > exchange > Given unsupported exchange name > [Unsupported Exchange Name] Private Data APIs > [Unsupported Exchange Name] Place order then return 404",
                        "timedOut": false,
                        "duration": 5,
                        "state": "passed",
                        "speed": "fast",
                        "pass": true,
                        "fail": false,
                        "pending": false,
                        "code": "request(server)\n  .post('/exchange/nonExistentExchangeName/order')\n  .send({ symbol: 'BTC/ETH', type: 'limit', side: 'buy', amount:0, price:0 })\n  .set('Accept', 'application/json')\n  .expect('Content-Type', /json/)\n  .expect(404)\n  .end((err, res) => {\n    should.not.exist(err);\n    done();\n  })",
                        "err": {},
                        "isRoot": false,
                        "uuid": "d5ffe031-1815-4603-b58e-4ec94e46b073",
                        "isHook": false,
                        "skipped": false
                      },
                      {
                        "title": "> [Unsupported Exchange Name] Cancel order then return 404",
                        "fullTitle": "> controllers > exchange > Given unsupported exchange name > [Unsupported Exchange Name] Private Data APIs > [Unsupported Exchange Name] Cancel order then return 404",
                        "timedOut": false,
                        "duration": 5,
                        "state": "passed",
                        "speed": "fast",
                        "pass": true,
                        "fail": false,
                        "pending": false,
                        "code": "request(server)\n  .delete('/exchange/nonExistentExchangeName/order/dummy')\n  .query({symbol : 'BTC/ETH'})\n  .expect('Content-Type', /json/)\n  .expect(404)\n  .end((err, res) => {\n    should.not.exist(err);\n    done();\n  })",
                        "err": {},
                        "isRoot": false,
                        "uuid": "9349fe61-2fca-495d-9bbb-f9bcb40a3e9f",
                        "isHook": false,
                        "skipped": false
                      },
                      {
                        "title": "> [Unsupported Exchange Name] Get order then return 404",
                        "fullTitle": "> controllers > exchange > Given unsupported exchange name > [Unsupported Exchange Name] Private Data APIs > [Unsupported Exchange Name] Get order then return 404",
                        "timedOut": false,
                        "duration": 5,
                        "state": "passed",
                        "speed": "fast",
                        "pass": true,
                        "fail": false,
                        "pending": false,
                        "code": "this.timeout(TIMEOUT_MS)\nrequest(server)\n  .get('/exchange/nonExistentExchangeName/order/dummy')\n  .query({symbol : 'BTC/ETH'})\n  .expect('Content-Type', /json/)\n  .expect(404)\n  .end((err, res) => {\n    should.not.exist(err);\n    done();\n  })",
                        "err": {},
                        "isRoot": false,
                        "uuid": "deb0b76a-a46b-4868-96da-8c426560ba35",
                        "isHook": false,
                        "skipped": false
                      },
                      {
                        "title": "> [Unsupported Exchange Name] Get orders then return 404",
                        "fullTitle": "> controllers > exchange > Given unsupported exchange name > [Unsupported Exchange Name] Private Data APIs > [Unsupported Exchange Name] Get orders then return 404",
                        "timedOut": false,
                        "duration": 5,
                        "state": "passed",
                        "speed": "fast",
                        "pass": true,
                        "fail": false,
                        "pending": false,
                        "code": "this.timeout(TIMEOUT_MS)\nrequest(server)\n  .get('/exchange/nonExistentExchangeName/orders')\n  .query({symbol : 'BTC/ETH'})\n  .expect('Content-Type', /json/)\n  .expect(404)\n  .end((err, res) => {\n    should.not.exist(err);\n    done();\n  })",
                        "err": {},
                        "isRoot": false,
                        "uuid": "7d18d309-8ed9-4903-8a03-e557addc36a9",
                        "isHook": false,
                        "skipped": false
                      },
                      {
                        "title": "> [Unsupported Exchange Name] Get open orders then return 404",
                        "fullTitle": "> controllers > exchange > Given unsupported exchange name > [Unsupported Exchange Name] Private Data APIs > [Unsupported Exchange Name] Get open orders then return 404",
                        "timedOut": false,
                        "duration": 5,
                        "state": "passed",
                        "speed": "fast",
                        "pass": true,
                        "fail": false,
                        "pending": false,
                        "code": "this.timeout(TIMEOUT_MS)\nrequest(server)\n  .get('/exchange/nonExistentExchangeName/orders/open')\n  .query({symbol : 'BTC/ETH'})\n  .expect('Content-Type', /json/)\n  .expect(404)\n  .end((err, res) => {\n    should.not.exist(err);\n    done();\n  })",
                        "err": {},
                        "isRoot": false,
                        "uuid": "ada4d037-cdd2-49f0-8c23-0a10505b3e35",
                        "isHook": false,
                        "skipped": false
                      },
                      {
                        "title": "> [Unsupported Exchange Name] Get closed orders then return 404",
                        "fullTitle": "> controllers > exchange > Given unsupported exchange name > [Unsupported Exchange Name] Private Data APIs > [Unsupported Exchange Name] Get closed orders then return 404",
                        "timedOut": false,
                        "duration": 10,
                        "state": "passed",
                        "speed": "fast",
                        "pass": true,
                        "fail": false,
                        "pending": false,
                        "code": "this.timeout(TIMEOUT_MS)\nrequest(server)\n  .get('/exchange/nonExistentExchangeName/orders/closed')\n  .query({symbol : 'BTC/ETH'})\n  .expect('Content-Type', /json/)\n  .expect(404)\n  .end((err, res) => {\n    should.not.exist(err);\n    done();\n  })",
                        "err": {},
                        "isRoot": false,
                        "uuid": "bf873e9b-f3a5-46e9-b1b7-9cb0e5e69657",
                        "isHook": false,
                        "skipped": false
                      },
                      {
                        "title": "> [Unsupported Exchange Name] Get my trades then return 404",
                        "fullTitle": "> controllers > exchange > Given unsupported exchange name > [Unsupported Exchange Name] Private Data APIs > [Unsupported Exchange Name] Get my trades then return 404",
                        "timedOut": false,
                        "duration": 9,
                        "state": "passed",
                        "speed": "fast",
                        "pass": true,
                        "fail": false,
                        "pending": false,
                        "code": "this.timeout(TIMEOUT_MS)\nrequest(server)\n  .get('/exchange/nonExistentExchangeName/trades/mine')\n  .query({symbol : 'BTC/ETH'})\n  .expect('Content-Type', /json/)\n  .expect(404)\n  .end((err, res) => {\n    should.not.exist(err);\n    done();\n  })",
                        "err": {},
                        "isRoot": false,
                        "uuid": "43d566fe-8b08-4885-915b-b4768909839c",
                        "isHook": false,
                        "skipped": false
                      }
                    ],
                    "suites": [],
                    "passes": [
                      "10736520-231a-4d2b-aa57-c65250100df8",
                      "d5ffe031-1815-4603-b58e-4ec94e46b073",
                      "9349fe61-2fca-495d-9bbb-f9bcb40a3e9f",
                      "deb0b76a-a46b-4868-96da-8c426560ba35",
                      "7d18d309-8ed9-4903-8a03-e557addc36a9",
                      "ada4d037-cdd2-49f0-8c23-0a10505b3e35",
                      "bf873e9b-f3a5-46e9-b1b7-9cb0e5e69657",
                      "43d566fe-8b08-4885-915b-b4768909839c"
                    ],
                    "failures": [],
                    "pending": [],
                    "skipped": [],
                    "duration": 49,
                    "root": false,
                    "rootEmpty": false,
                    "_timeout": 2000
                  }
                ],
                "passes": [],
                "failures": [],
                "pending": [],
                "skipped": [],
                "duration": 0,
                "root": false,
                "rootEmpty": false,
                "_timeout": 2000
              }
            ],
            "passes": [],
            "failures": [],
            "pending": [],
            "skipped": [],
            "duration": 0,
            "root": false,
            "rootEmpty": false,
            "_timeout": 2000
          }
        ],
        "passes": [],
        "failures": [],
        "pending": [],
        "skipped": [],
        "duration": 0,
        "root": false,
        "rootEmpty": false,
        "_timeout": 2000
      }
    ],
    "passes": [],
    "failures": [],
    "pending": [],
    "skipped": [],
    "duration": 0,
    "root": true,
    "rootEmpty": true,
    "_timeout": 2000
  },
  "copyrightYear": 2020
}